16:15:38: Creating resource group General
16:15:38: Creating resource group Internal
16:15:38: Creating resource group Autodetect
16:15:38: SceneManagerFactory for type 'DefaultSceneManager' registered.
16:15:38: Registering ResourceManager for type Material
16:15:38: Registering ResourceManager for type Mesh
16:15:38: Registering ResourceManager for type Skeleton
16:15:38: MovableObjectFactory for type 'ParticleSystem' registered.
16:15:38: OverlayElementFactory for type Panel registered.
16:15:38: OverlayElementFactory for type BorderPanel registered.
16:15:38: OverlayElementFactory for type TextArea registered.
16:15:38: Registering ResourceManager for type Font
16:15:38: ArchiveFactory for archive type FileSystem registered.
16:15:38: ArchiveFactory for archive type Zip registered.
16:15:38: FreeImage version: 3.9.2
16:15:38: This program uses FreeImage, a free, open source image library supporting all common bitmap formats. See http://freeimage.sourceforge.net for details
16:15:38: Supported formats: bmp,ico,jpg,jif,jpeg,jpe,jng,koa,iff,lbm,mng,pbm,pbm,pcd,pcx,pgm,pgm,png,ppm,ppm,ras,tga,targa,tif,tiff,wap,wbmp,wbm,psd,cut,xbm,xpm,gif,hdr,g3,sgi
16:15:38: DDS codec registering
16:15:38: Registering ResourceManager for type HighLevelGpuProgram
16:15:38: Registering ResourceManager for type Compositor
16:15:38: MovableObjectFactory for type 'Entity' registered.
16:15:38: MovableObjectFactory for type 'Light' registered.
16:15:38: MovableObjectFactory for type 'BillboardSet' registered.
16:15:38: MovableObjectFactory for type 'ManualObject' registered.
16:15:38: MovableObjectFactory for type 'BillboardChain' registered.
16:15:38: MovableObjectFactory for type 'RibbonTrail' registered.
16:15:38: OGRE EXCEPTION(6:FileNotFoundException): 'plugins.cfg' file not found! in ConfigFile::load at ..\src\OgreConfigFile.cpp (line 84)
16:15:38: plugins.cfg not found, automatic plugin loading disabled.
16:15:38: *-*-* OGRE Initialising
16:15:38: *-*-* Version 1.4.4 (Eihort)
16:15:38: Retrieving game configuration
16:15:38: Parsing config files
16:15:38: Parsing [Alone.cfg] config file
16:15:38: OGRE EXCEPTION(6:FileNotFoundException): 'Alone.cfg' file not found! in ConfigFile::load at ..\src\OgreConfigFile.cpp (line 84)
16:15:39: *-*-* OGRE Shutdown
16:15:39: Unregistering ResourceManager for type Compositor
16:15:39: Unregistering ResourceManager for type Font
16:15:39: Unregistering ResourceManager for type Skeleton
16:15:39: Unregistering ResourceManager for type Mesh
16:15:39: Unregistering ResourceManager for type HighLevelGpuProgram
16:15:39: Unregistering ResourceManager for type Material
